<?xml version="1.0" encoding="UTF-8"?>
<testsuite xmlns:xsi="http://www.w3.org/2001/XMLSchema-instance" xsi:noNamespaceSchemaLocation="https://maven.apache.org/surefire/maven-surefire-plugin/xsd/surefire-test-report.xsd" name="server.model.NaturalGasEmissionTest" time="0" tests="10" errors="0" skipped="0" failures="0">
  <properties>
    <property name="gopherProxySet" value="false"/>
    <property name="awt.toolkit" value="sun.lwawt.macosx.LWCToolkit"/>
    <property name="java.specification.version" value="10"/>
    <property name="file.encoding.pkg" value="sun.io"/>
    <property name="sun.cpu.isalist" value=""/>
    <property name="sun.jnu.encoding" value="UTF-8"/>
    <property name="java.class.path" value="/Users/irtazahashmi/template/target/test-classes:/Users/irtazahashmi/template/target/classes:/Users/irtazahashmi/.m2/repository/org/postgresql/postgresql/42.2.5/postgresql-42.2.5.jar:/Users/irtazahashmi/.m2/repository/org/springframework/boot/spring-boot-starter-data-jpa/2.0.5.RELEASE/spring-boot-starter-data-jpa-2.0.5.RELEASE.jar:/Users/irtazahashmi/.m2/repository/org/springframework/boot/spring-boot-starter-aop/2.0.5.RELEASE/spring-boot-starter-aop-2.0.5.RELEASE.jar:/Users/irtazahashmi/.m2/repository/org/aspectj/aspectjweaver/1.8.13/aspectjweaver-1.8.13.jar:/Users/irtazahashmi/.m2/repository/org/springframework/boot/spring-boot-starter-jdbc/2.0.5.RELEASE/spring-boot-starter-jdbc-2.0.5.RELEASE.jar:/Users/irtazahashmi/.m2/repository/com/zaxxer/HikariCP/2.7.9/HikariCP-2.7.9.jar:/Users/irtazahashmi/.m2/repository/org/springframework/spring-jdbc/5.0.9.RELEASE/spring-jdbc-5.0.9.RELEASE.jar:/Users/irtazahashmi/.m2/repository/javax/transaction/javax.transaction-api/1.2/javax.transaction-api-1.2.jar:/Users/irtazahashmi/.m2/repository/org/springframework/data/spring-data-jpa/2.0.10.RELEASE/spring-data-jpa-2.0.10.RELEASE.jar:/Users/irtazahashmi/.m2/repository/org/springframework/data/spring-data-commons/2.0.10.RELEASE/spring-data-commons-2.0.10.RELEASE.jar:/Users/irtazahashmi/.m2/repository/org/springframework/spring-orm/5.0.9.RELEASE/spring-orm-5.0.9.RELEASE.jar:/Users/irtazahashmi/.m2/repository/org/springframework/spring-tx/5.0.9.RELEASE/spring-tx-5.0.9.RELEASE.jar:/Users/irtazahashmi/.m2/repository/org/springframework/spring-aspects/5.0.9.RELEASE/spring-aspects-5.0.9.RELEASE.jar:/Users/irtazahashmi/.m2/repository/javax/xml/bind/jaxb-api/2.3.0/jaxb-api-2.3.0.jar:/Users/irtazahashmi/.m2/repository/org/springframework/boot/spring-boot-starter/2.0.5.RELEASE/spring-boot-starter-2.0.5.RELEASE.jar:/Users/irtazahashmi/.m2/repository/org/springframework/boot/spring-boot/2.0.5.RELEASE/spring-boot-2.0.5.RELEASE.jar:/Users/irtazahashmi/.m2/repository/org/springframework/boot/spring-boot-autoconfigure/2.0.5.RELEASE/spring-boot-autoconfigure-2.0.5.RELEASE.jar:/Users/irtazahashmi/.m2/repository/org/springframework/boot/spring-boot-starter-logging/2.0.5.RELEASE/spring-boot-starter-logging-2.0.5.RELEASE.jar:/Users/irtazahashmi/.m2/repository/ch/qos/logback/logback-classic/1.2.3/logback-classic-1.2.3.jar:/Users/irtazahashmi/.m2/repository/ch/qos/logback/logback-core/1.2.3/logback-core-1.2.3.jar:/Users/irtazahashmi/.m2/repository/org/apache/logging/log4j/log4j-to-slf4j/2.10.0/log4j-to-slf4j-2.10.0.jar:/Users/irtazahashmi/.m2/repository/org/apache/logging/log4j/log4j-api/2.10.0/log4j-api-2.10.0.jar:/Users/irtazahashmi/.m2/repository/org/slf4j/jul-to-slf4j/1.7.25/jul-to-slf4j-1.7.25.jar:/Users/irtazahashmi/.m2/repository/javax/annotation/javax.annotation-api/1.3.2/javax.annotation-api-1.3.2.jar:/Users/irtazahashmi/.m2/repository/org/yaml/snakeyaml/1.19/snakeyaml-1.19.jar:/Users/irtazahashmi/.m2/repository/org/springframework/spring-web/5.0.9.RELEASE/spring-web-5.0.9.RELEASE.jar:/Users/irtazahashmi/.m2/repository/org/springframework/spring-beans/5.0.9.RELEASE/spring-beans-5.0.9.RELEASE.jar:/Users/irtazahashmi/.m2/repository/com/fasterxml/jackson/core/jackson-databind/2.9.6/jackson-databind-2.9.6.jar:/Users/irtazahashmi/.m2/repository/com/fasterxml/jackson/core/jackson-annotations/2.9.0/jackson-annotations-2.9.0.jar:/Users/irtazahashmi/.m2/repository/com/fasterxml/jackson/core/jackson-core/2.9.6/jackson-core-2.9.6.jar:/Users/irtazahashmi/.m2/repository/com/jfoenix/jfoenix/9.0.8/jfoenix-9.0.8.jar:/Users/irtazahashmi/.m2/repository/org/springframework/boot/spring-boot-starter-web/2.0.5.RELEASE/spring-boot-starter-web-2.0.5.RELEASE.jar:/Users/irtazahashmi/.m2/repository/org/springframework/boot/spring-boot-starter-json/2.0.5.RELEASE/spring-boot-starter-json-2.0.5.RELEASE.jar:/Users/irtazahashmi/.m2/repository/com/fasterxml/jackson/datatype/jackson-datatype-jdk8/2.9.6/jackson-datatype-jdk8-2.9.6.jar:/Users/irtazahashmi/.m2/repository/com/fasterxml/jackson/datatype/jackson-datatype-jsr310/2.9.6/jackson-datatype-jsr310-2.9.6.jar:/Users/irtazahashmi/.m2/repository/com/fasterxml/jackson/module/jackson-module-parameter-names/2.9.6/jackson-module-parameter-names-2.9.6.jar:/Users/irtazahashmi/.m2/repository/org/springframework/boot/spring-boot-starter-tomcat/2.0.5.RELEASE/spring-boot-starter-tomcat-2.0.5.RELEASE.jar:/Users/irtazahashmi/.m2/repository/org/apache/tomcat/embed/tomcat-embed-core/8.5.34/tomcat-embed-core-8.5.34.jar:/Users/irtazahashmi/.m2/repository/org/apache/tomcat/embed/tomcat-embed-el/8.5.34/tomcat-embed-el-8.5.34.jar:/Users/irtazahashmi/.m2/repository/org/apache/tomcat/embed/tomcat-embed-websocket/8.5.34/tomcat-embed-websocket-8.5.34.jar:/Users/irtazahashmi/.m2/repository/org/hibernate/validator/hibernate-validator/6.0.12.Final/hibernate-validator-6.0.12.Final.jar:/Users/irtazahashmi/.m2/repository/javax/validation/validation-api/2.0.1.Final/validation-api-2.0.1.Final.jar:/Users/irtazahashmi/.m2/repository/org/springframework/spring-webmvc/5.0.9.RELEASE/spring-webmvc-5.0.9.RELEASE.jar:/Users/irtazahashmi/.m2/repository/org/springframework/boot/spring-boot-starter-test/2.0.5.RELEASE/spring-boot-starter-test-2.0.5.RELEASE.jar:/Users/irtazahashmi/.m2/repository/org/springframework/boot/spring-boot-test/2.0.5.RELEASE/spring-boot-test-2.0.5.RELEASE.jar:/Users/irtazahashmi/.m2/repository/org/springframework/boot/spring-boot-test-autoconfigure/2.0.5.RELEASE/spring-boot-test-autoconfigure-2.0.5.RELEASE.jar:/Users/irtazahashmi/.m2/repository/org/assertj/assertj-core/3.9.1/assertj-core-3.9.1.jar:/Users/irtazahashmi/.m2/repository/org/mockito/mockito-core/2.15.0/mockito-core-2.15.0.jar:/Users/irtazahashmi/.m2/repository/net/bytebuddy/byte-buddy-agent/1.7.11/byte-buddy-agent-1.7.11.jar:/Users/irtazahashmi/.m2/repository/org/objenesis/objenesis/2.6/objenesis-2.6.jar:/Users/irtazahashmi/.m2/repository/org/hamcrest/hamcrest-core/1.3/hamcrest-core-1.3.jar:/Users/irtazahashmi/.m2/repository/org/hamcrest/hamcrest-library/1.3/hamcrest-library-1.3.jar:/Users/irtazahashmi/.m2/repository/org/skyscreamer/jsonassert/1.5.0/jsonassert-1.5.0.jar:/Users/irtazahashmi/.m2/repository/com/vaadin/external/google/android-json/0.0.20131108.vaadin1/android-json-0.0.20131108.vaadin1.jar:/Users/irtazahashmi/.m2/repository/org/springframework/spring-test/5.0.9.RELEASE/spring-test-5.0.9.RELEASE.jar:/Users/irtazahashmi/.m2/repository/org/xmlunit/xmlunit-core/2.5.1/xmlunit-core-2.5.1.jar:/Users/irtazahashmi/.m2/repository/com/jayway/jsonpath/json-path/2.4.0/json-path-2.4.0.jar:/Users/irtazahashmi/.m2/repository/net/minidev/json-smart/2.3/json-smart-2.3.jar:/Users/irtazahashmi/.m2/repository/net/minidev/accessors-smart/1.2/accessors-smart-1.2.jar:/Users/irtazahashmi/.m2/repository/org/slf4j/slf4j-api/1.7.25/slf4j-api-1.7.25.jar:/Users/irtazahashmi/.m2/repository/net/bytebuddy/byte-buddy-dep/1.9.12/byte-buddy-dep-1.9.12.jar:/Users/irtazahashmi/.m2/repository/org/ow2/asm/asm-commons/7.1/asm-commons-7.1.jar:/Users/irtazahashmi/.m2/repository/org/openjfx/javafx-fxml/12-ea+13/javafx-fxml-12-ea+13.jar:/Users/irtazahashmi/.m2/repository/org/openjfx/javafx-fxml/12-ea+13/javafx-fxml-12-ea+13-mac.jar:/Users/irtazahashmi/.m2/repository/org/openjfx/javafx-controls/12-ea+13/javafx-controls-12-ea+13.jar:/Users/irtazahashmi/.m2/repository/org/openjfx/javafx-controls/12-ea+13/javafx-controls-12-ea+13-mac.jar:/Users/irtazahashmi/.m2/repository/org/openjfx/javafx-graphics/12-ea+13/javafx-graphics-12-ea+13.jar:/Users/irtazahashmi/.m2/repository/org/openjfx/javafx-graphics/12-ea+13/javafx-graphics-12-ea+13-mac.jar:/Users/irtazahashmi/.m2/repository/org/openjfx/javafx-base/12-ea+13/javafx-base-12-ea+13.jar:/Users/irtazahashmi/.m2/repository/org/openjfx/javafx-base/12-ea+13/javafx-base-12-ea+13-mac.jar:/Users/irtazahashmi/.m2/repository/org/springframework/security/spring-security-core/5.1.4.RELEASE/spring-security-core-5.1.4.RELEASE.jar:/Users/irtazahashmi/.m2/repository/org/springframework/spring-aop/5.0.9.RELEASE/spring-aop-5.0.9.RELEASE.jar:/Users/irtazahashmi/.m2/repository/org/springframework/spring-context/5.0.9.RELEASE/spring-context-5.0.9.RELEASE.jar:/Users/irtazahashmi/.m2/repository/org/springframework/spring-expression/5.0.9.RELEASE/spring-expression-5.0.9.RELEASE.jar:/Users/irtazahashmi/.m2/repository/org/springframework/spring-core/5.1.5.RELEASE/spring-core-5.1.5.RELEASE.jar:/Users/irtazahashmi/.m2/repository/org/springframework/spring-jcl/5.0.9.RELEASE/spring-jcl-5.0.9.RELEASE.jar:/Users/irtazahashmi/.m2/repository/org/springframework/security/spring-security-oauth2-jose/5.0.8.RELEASE/spring-security-oauth2-jose-5.0.8.RELEASE.jar:/Users/irtazahashmi/.m2/repository/com/nimbusds/nimbus-jose-jwt/5.14/nimbus-jose-jwt-5.14.jar:/Users/irtazahashmi/.m2/repository/com/github/stephenc/jcip/jcip-annotations/1.0-1/jcip-annotations-1.0-1.jar:/Users/irtazahashmi/.m2/repository/org/springframework/security/spring-security-oauth2-core/5.0.8.RELEASE/spring-security-oauth2-core-5.0.8.RELEASE.jar:/Users/irtazahashmi/.m2/repository/org/projectlombok/lombok/1.16.22/lombok-1.16.22.jar:/Users/irtazahashmi/.m2/repository/org/springframework/boot/spring-boot-starter-security/2.0.5.RELEASE/spring-boot-starter-security-2.0.5.RELEASE.jar:/Users/irtazahashmi/.m2/repository/org/springframework/security/spring-security-config/5.0.8.RELEASE/spring-security-config-5.0.8.RELEASE.jar:/Users/irtazahashmi/.m2/repository/org/springframework/boot/spring-boot-starter-actuator/2.0.5.RELEASE/spring-boot-starter-actuator-2.0.5.RELEASE.jar:/Users/irtazahashmi/.m2/repository/org/springframework/boot/spring-boot-actuator-autoconfigure/2.0.5.RELEASE/spring-boot-actuator-autoconfigure-2.0.5.RELEASE.jar:/Users/irtazahashmi/.m2/repository/org/springframework/boot/spring-boot-actuator/2.0.5.RELEASE/spring-boot-actuator-2.0.5.RELEASE.jar:/Users/irtazahashmi/.m2/repository/io/micrometer/micrometer-core/1.0.6/micrometer-core-1.0.6.jar:/Users/irtazahashmi/.m2/repository/org/hdrhistogram/HdrHistogram/2.1.10/HdrHistogram-2.1.10.jar:/Users/irtazahashmi/.m2/repository/org/latencyutils/LatencyUtils/2.0.3/LatencyUtils-2.0.3.jar:/Users/irtazahashmi/.m2/repository/io/jsonwebtoken/jjwt/0.9.1/jjwt-0.9.1.jar:/Users/irtazahashmi/.m2/repository/org/jacoco/jacoco-maven-plugin/0.8.3/jacoco-maven-plugin-0.8.3.jar:/Users/irtazahashmi/.m2/repository/org/apache/maven/maven-plugin-api/3.0/maven-plugin-api-3.0.jar:/Users/irtazahashmi/.m2/repository/org/apache/maven/maven-model/3.0/maven-model-3.0.jar:/Users/irtazahashmi/.m2/repository/org/apache/maven/maven-artifact/3.0/maven-artifact-3.0.jar:/Users/irtazahashmi/.m2/repository/org/sonatype/sisu/sisu-inject-plexus/1.4.2/sisu-inject-plexus-1.4.2.jar:/Users/irtazahashmi/.m2/repository/org/sonatype/sisu/sisu-inject-bean/1.4.2/sisu-inject-bean-1.4.2.jar:/Users/irtazahashmi/.m2/repository/org/sonatype/sisu/sisu-guice/2.1.7/sisu-guice-2.1.7-noaop.jar:/Users/irtazahashmi/.m2/repository/org/apache/maven/maven-core/3.0/maven-core-3.0.jar:/Users/irtazahashmi/.m2/repository/org/apache/maven/maven-settings/3.0/maven-settings-3.0.jar:/Users/irtazahashmi/.m2/repository/org/apache/maven/maven-settings-builder/3.0/maven-settings-builder-3.0.jar:/Users/irtazahashmi/.m2/repository/org/apache/maven/maven-repository-metadata/3.0/maven-repository-metadata-3.0.jar:/Users/irtazahashmi/.m2/repository/org/apache/maven/maven-model-builder/3.0/maven-model-builder-3.0.jar:/Users/irtazahashmi/.m2/repository/org/apache/maven/maven-aether-provider/3.0/maven-aether-provider-3.0.jar:/Users/irtazahashmi/.m2/repository/org/sonatype/aether/aether-impl/1.7/aether-impl-1.7.jar:/Users/irtazahashmi/.m2/repository/org/sonatype/aether/aether-spi/1.7/aether-spi-1.7.jar:/Users/irtazahashmi/.m2/repository/org/sonatype/aether/aether-api/1.7/aether-api-1.7.jar:/Users/irtazahashmi/.m2/repository/org/sonatype/aether/aether-util/1.7/aether-util-1.7.jar:/Users/irtazahashmi/.m2/repository/org/codehaus/plexus/plexus-interpolation/1.14/plexus-interpolation-1.14.jar:/Users/irtazahashmi/.m2/repository/org/codehaus/plexus/plexus-classworlds/2.2.3/plexus-classworlds-2.2.3.jar:/Users/irtazahashmi/.m2/repository/org/codehaus/plexus/plexus-component-annotations/1.5.5/plexus-component-annotations-1.5.5.jar:/Users/irtazahashmi/.m2/repository/org/sonatype/plexus/plexus-sec-dispatcher/1.3/plexus-sec-dispatcher-1.3.jar:/Users/irtazahashmi/.m2/repository/org/sonatype/plexus/plexus-cipher/1.4/plexus-cipher-1.4.jar:/Users/irtazahashmi/.m2/repository/org/codehaus/plexus/plexus-utils/3.0.22/plexus-utils-3.0.22.jar:/Users/irtazahashmi/.m2/repository/org/apache/maven/shared/file-management/1.2.1/file-management-1.2.1.jar:/Users/irtazahashmi/.m2/repository/org/apache/maven/shared/maven-shared-io/1.1/maven-shared-io-1.1.jar:/Users/irtazahashmi/.m2/repository/org/apache/maven/maven-artifact-manager/2.0.2/maven-artifact-manager-2.0.2.jar:/Users/irtazahashmi/.m2/repository/org/apache/maven/wagon/wagon-provider-api/1.0-alpha-6/wagon-provider-api-1.0-alpha-6.jar:/Users/irtazahashmi/.m2/repository/org/codehaus/plexus/plexus-container-default/1.0-alpha-9/plexus-container-default-1.0-alpha-9.jar:/Users/irtazahashmi/.m2/repository/classworlds/classworlds/1.1-alpha-2/classworlds-1.1-alpha-2.jar:/Users/irtazahashmi/.m2/repository/org/apache/maven/reporting/maven-reporting-api/3.0/maven-reporting-api-3.0.jar:/Users/irtazahashmi/.m2/repository/org/apache/maven/doxia/doxia-sink-api/1.0/doxia-sink-api-1.0.jar:/Users/irtazahashmi/.m2/repository/org/apache/maven/reporting/maven-reporting-impl/2.1/maven-reporting-impl-2.1.jar:/Users/irtazahashmi/.m2/repository/org/apache/maven/maven-project/2.0.10/maven-project-2.0.10.jar:/Users/irtazahashmi/.m2/repository/org/apache/maven/maven-profile/2.0.10/maven-profile-2.0.10.jar:/Users/irtazahashmi/.m2/repository/org/apache/maven/maven-plugin-registry/2.0.10/maven-plugin-registry-2.0.10.jar:/Users/irtazahashmi/.m2/repository/org/apache/maven/doxia/doxia-core/1.1.2/doxia-core-1.1.2.jar:/Users/irtazahashmi/.m2/repository/org/apache/maven/doxia/doxia-logging-api/1.1.2/doxia-logging-api-1.1.2.jar:/Users/irtazahashmi/.m2/repository/xerces/xercesImpl/2.8.1/xercesImpl-2.8.1.jar:/Users/irtazahashmi/.m2/repository/commons-lang/commons-lang/2.4/commons-lang-2.4.jar:/Users/irtazahashmi/.m2/repository/commons-httpclient/commons-httpclient/3.1/commons-httpclient-3.1.jar:/Users/irtazahashmi/.m2/repository/commons-codec/commons-codec/1.11/commons-codec-1.11.jar:/Users/irtazahashmi/.m2/repository/org/apache/maven/doxia/doxia-site-renderer/1.1.2/doxia-site-renderer-1.1.2.jar:/Users/irtazahashmi/.m2/repository/org/apache/maven/doxia/doxia-decoration-model/1.1.2/doxia-decoration-model-1.1.2.jar:/Users/irtazahashmi/.m2/repository/org/apache/maven/doxia/doxia-module-xhtml/1.1.2/doxia-module-xhtml-1.1.2.jar:/Users/irtazahashmi/.m2/repository/org/apache/maven/doxia/doxia-module-fml/1.1.2/doxia-module-fml-1.1.2.jar:/Users/irtazahashmi/.m2/repository/org/codehaus/plexus/plexus-i18n/1.0-beta-7/plexus-i18n-1.0-beta-7.jar:/Users/irtazahashmi/.m2/repository/org/codehaus/plexus/plexus-velocity/1.1.7/plexus-velocity-1.1.7.jar:/Users/irtazahashmi/.m2/repository/org/apache/velocity/velocity/1.5/velocity-1.5.jar:/Users/irtazahashmi/.m2/repository/commons-collections/commons-collections/3.2/commons-collections-3.2.jar:/Users/irtazahashmi/.m2/repository/commons-validator/commons-validator/1.2.0/commons-validator-1.2.0.jar:/Users/irtazahashmi/.m2/repository/commons-beanutils/commons-beanutils/1.7.0/commons-beanutils-1.7.0.jar:/Users/irtazahashmi/.m2/repository/commons-digester/commons-digester/1.6/commons-digester-1.6.jar:/Users/irtazahashmi/.m2/repository/commons-logging/commons-logging/1.0.4/commons-logging-1.0.4.jar:/Users/irtazahashmi/.m2/repository/oro/oro/2.0.8/oro-2.0.8.jar:/Users/irtazahashmi/.m2/repository/xml-apis/xml-apis/1.4.01/xml-apis-1.4.01.jar:/Users/irtazahashmi/.m2/repository/org/jacoco/org.jacoco.agent/0.8.3/org.jacoco.agent-0.8.3-runtime.jar:/Users/irtazahashmi/.m2/repository/org/jacoco/org.jacoco.core/0.8.3/org.jacoco.core-0.8.3.jar:/Users/irtazahashmi/.m2/repository/org/ow2/asm/asm-tree/7.0/asm-tree-7.0.jar:/Users/irtazahashmi/.m2/repository/org/jacoco/org.jacoco.report/0.8.3/org.jacoco.report-0.8.3.jar:/Users/irtazahashmi/.m2/repository/org/ow2/asm/asm/6.2/asm-6.2.jar:/Users/irtazahashmi/.m2/repository/javax/activation/activation/1.1/activation-1.1.jar:/Users/irtazahashmi/.m2/repository/org/glassfish/jaxb/jaxb-runtime/2.3.0-b170127.1453/jaxb-runtime-2.3.0-b170127.1453.jar:/Users/irtazahashmi/.m2/repository/org/glassfish/jaxb/jaxb-core/2.3.0-b170127.1453/jaxb-core-2.3.0-b170127.1453.jar:/Users/irtazahashmi/.m2/repository/org/glassfish/jaxb/txw2/2.3.0-b170127.1453/txw2-2.3.0-b170127.1453.jar:/Users/irtazahashmi/.m2/repository/com/sun/istack/istack-commons-runtime/3.0.4/istack-commons-runtime-3.0.4.jar:/Users/irtazahashmi/.m2/repository/org/jvnet/staxex/stax-ex/1.7.8/stax-ex-1.7.8.jar:/Users/irtazahashmi/.m2/repository/com/sun/xml/fastinfoset/FastInfoset/1.2.13/FastInfoset-1.2.13.jar:/Users/irtazahashmi/.m2/repository/org/junit/jupiter/junit-jupiter-api/5.1.1/junit-jupiter-api-5.1.1.jar:/Users/irtazahashmi/.m2/repository/org/apiguardian/apiguardian-api/1.0.0/apiguardian-api-1.0.0.jar:/Users/irtazahashmi/.m2/repository/org/opentest4j/opentest4j/1.0.0/opentest4j-1.0.0.jar:/Users/irtazahashmi/.m2/repository/org/junit/platform/junit-platform-commons/1.1.1/junit-platform-commons-1.1.1.jar:/Users/irtazahashmi/.m2/repository/org/springframework/security/spring-security-web/5.1.4.RELEASE/spring-security-web-5.1.4.RELEASE.jar:/Users/irtazahashmi/.m2/repository/junit/junit/4.13-beta-2/junit-4.13-beta-2.jar:/Users/irtazahashmi/.m2/repository/org/hibernate/hibernate-core/5.4.1.Final/hibernate-core-5.4.1.Final.jar:/Users/irtazahashmi/.m2/repository/org/jboss/logging/jboss-logging/3.3.2.Final/jboss-logging-3.3.2.Final.jar:/Users/irtazahashmi/.m2/repository/javax/persistence/javax.persistence-api/2.2/javax.persistence-api-2.2.jar:/Users/irtazahashmi/.m2/repository/org/javassist/javassist/3.24.0-GA/javassist-3.24.0-GA.jar:/Users/irtazahashmi/.m2/repository/net/bytebuddy/byte-buddy/1.7.11/byte-buddy-1.7.11.jar:/Users/irtazahashmi/.m2/repository/antlr/antlr/2.7.7/antlr-2.7.7.jar:/Users/irtazahashmi/.m2/repository/org/jboss/spec/javax/transaction/jboss-transaction-api_1.2_spec/1.1.1.Final/jboss-transaction-api_1.2_spec-1.1.1.Final.jar:/Users/irtazahashmi/.m2/repository/org/jboss/jandex/2.0.5.Final/jandex-2.0.5.Final.jar:/Users/irtazahashmi/.m2/repository/com/fasterxml/classmate/1.3.4/classmate-1.3.4.jar:/Users/irtazahashmi/.m2/repository/javax/activation/javax.activation-api/1.2.0/javax.activation-api-1.2.0.jar:/Users/irtazahashmi/.m2/repository/org/dom4j/dom4j/2.1.1/dom4j-2.1.1.jar:/Users/irtazahashmi/.m2/repository/org/hibernate/common/hibernate-commons-annotations/5.1.0.Final/hibernate-commons-annotations-5.1.0.Final.jar:"/>
    <property name="java.vm.vendor" value="&quot;Oracle Corporation&quot;"/>
    <property name="sun.arch.data.model" value="64"/>
    <property name="java.vendor.url" value="http://java.oracle.com/"/>
    <property name="user.timezone" value=""/>
    <property name="java.vm.specification.version" value="10"/>
    <property name="os.name" value="Mac OS X"/>
    <property name="sun.java.launcher" value="SUN_STANDARD"/>
    <property name="user.country" value="US"/>
    <property name="sun.boot.library.path" value="/Library/Java/JavaVirtualMachines/jdk-10.0.2.jdk/Contents/Home/lib"/>
    <property name="sun.java.command" value="/Users/irtazahashmi/template/target/surefire/surefirebooter2257983678850064982.jar /Users/irtazahashmi/template/target/surefire 2019-04-14T19-58-35_381-jvmRun1 surefire6566422419910551331tmp surefire_0991715015364462551tmp"/>
    <property name="http.nonProxyHosts" value="local|*.local|169.254/16|*.169.254/16"/>
    <property name="jdk.debug" value="release"/>
    <property name="surefire.test.class.path" value="/Users/irtazahashmi/template/target/test-classes:/Users/irtazahashmi/template/target/classes:/Users/irtazahashmi/.m2/repository/org/postgresql/postgresql/42.2.5/postgresql-42.2.5.jar:/Users/irtazahashmi/.m2/repository/org/springframework/boot/spring-boot-starter-data-jpa/2.0.5.RELEASE/spring-boot-starter-data-jpa-2.0.5.RELEASE.jar:/Users/irtazahashmi/.m2/repository/org/springframework/boot/spring-boot-starter-aop/2.0.5.RELEASE/spring-boot-starter-aop-2.0.5.RELEASE.jar:/Users/irtazahashmi/.m2/repository/org/aspectj/aspectjweaver/1.8.13/aspectjweaver-1.8.13.jar:/Users/irtazahashmi/.m2/repository/org/springframework/boot/spring-boot-starter-jdbc/2.0.5.RELEASE/spring-boot-starter-jdbc-2.0.5.RELEASE.jar:/Users/irtazahashmi/.m2/repository/com/zaxxer/HikariCP/2.7.9/HikariCP-2.7.9.jar:/Users/irtazahashmi/.m2/repository/org/springframework/spring-jdbc/5.0.9.RELEASE/spring-jdbc-5.0.9.RELEASE.jar:/Users/irtazahashmi/.m2/repository/javax/transaction/javax.transaction-api/1.2/javax.transaction-api-1.2.jar:/Users/irtazahashmi/.m2/repository/org/springframework/data/spring-data-jpa/2.0.10.RELEASE/spring-data-jpa-2.0.10.RELEASE.jar:/Users/irtazahashmi/.m2/repository/org/springframework/data/spring-data-commons/2.0.10.RELEASE/spring-data-commons-2.0.10.RELEASE.jar:/Users/irtazahashmi/.m2/repository/org/springframework/spring-orm/5.0.9.RELEASE/spring-orm-5.0.9.RELEASE.jar:/Users/irtazahashmi/.m2/repository/org/springframework/spring-tx/5.0.9.RELEASE/spring-tx-5.0.9.RELEASE.jar:/Users/irtazahashmi/.m2/repository/org/springframework/spring-aspects/5.0.9.RELEASE/spring-aspects-5.0.9.RELEASE.jar:/Users/irtazahashmi/.m2/repository/javax/xml/bind/jaxb-api/2.3.0/jaxb-api-2.3.0.jar:/Users/irtazahashmi/.m2/repository/org/springframework/boot/spring-boot-starter/2.0.5.RELEASE/spring-boot-starter-2.0.5.RELEASE.jar:/Users/irtazahashmi/.m2/repository/org/springframework/boot/spring-boot/2.0.5.RELEASE/spring-boot-2.0.5.RELEASE.jar:/Users/irtazahashmi/.m2/repository/org/springframework/boot/spring-boot-autoconfigure/2.0.5.RELEASE/spring-boot-autoconfigure-2.0.5.RELEASE.jar:/Users/irtazahashmi/.m2/repository/org/springframework/boot/spring-boot-starter-logging/2.0.5.RELEASE/spring-boot-starter-logging-2.0.5.RELEASE.jar:/Users/irtazahashmi/.m2/repository/ch/qos/logback/logback-classic/1.2.3/logback-classic-1.2.3.jar:/Users/irtazahashmi/.m2/repository/ch/qos/logback/logback-core/1.2.3/logback-core-1.2.3.jar:/Users/irtazahashmi/.m2/repository/org/apache/logging/log4j/log4j-to-slf4j/2.10.0/log4j-to-slf4j-2.10.0.jar:/Users/irtazahashmi/.m2/repository/org/apache/logging/log4j/log4j-api/2.10.0/log4j-api-2.10.0.jar:/Users/irtazahashmi/.m2/repository/org/slf4j/jul-to-slf4j/1.7.25/jul-to-slf4j-1.7.25.jar:/Users/irtazahashmi/.m2/repository/javax/annotation/javax.annotation-api/1.3.2/javax.annotation-api-1.3.2.jar:/Users/irtazahashmi/.m2/repository/org/yaml/snakeyaml/1.19/snakeyaml-1.19.jar:/Users/irtazahashmi/.m2/repository/org/springframework/spring-web/5.0.9.RELEASE/spring-web-5.0.9.RELEASE.jar:/Users/irtazahashmi/.m2/repository/org/springframework/spring-beans/5.0.9.RELEASE/spring-beans-5.0.9.RELEASE.jar:/Users/irtazahashmi/.m2/repository/com/fasterxml/jackson/core/jackson-databind/2.9.6/jackson-databind-2.9.6.jar:/Users/irtazahashmi/.m2/repository/com/fasterxml/jackson/core/jackson-annotations/2.9.0/jackson-annotations-2.9.0.jar:/Users/irtazahashmi/.m2/repository/com/fasterxml/jackson/core/jackson-core/2.9.6/jackson-core-2.9.6.jar:/Users/irtazahashmi/.m2/repository/com/jfoenix/jfoenix/9.0.8/jfoenix-9.0.8.jar:/Users/irtazahashmi/.m2/repository/org/springframework/boot/spring-boot-starter-web/2.0.5.RELEASE/spring-boot-starter-web-2.0.5.RELEASE.jar:/Users/irtazahashmi/.m2/repository/org/springframework/boot/spring-boot-starter-json/2.0.5.RELEASE/spring-boot-starter-json-2.0.5.RELEASE.jar:/Users/irtazahashmi/.m2/repository/com/fasterxml/jackson/datatype/jackson-datatype-jdk8/2.9.6/jackson-datatype-jdk8-2.9.6.jar:/Users/irtazahashmi/.m2/repository/com/fasterxml/jackson/datatype/jackson-datatype-jsr310/2.9.6/jackson-datatype-jsr310-2.9.6.jar:/Users/irtazahashmi/.m2/repository/com/fasterxml/jackson/module/jackson-module-parameter-names/2.9.6/jackson-module-parameter-names-2.9.6.jar:/Users/irtazahashmi/.m2/repository/org/springframework/boot/spring-boot-starter-tomcat/2.0.5.RELEASE/spring-boot-starter-tomcat-2.0.5.RELEASE.jar:/Users/irtazahashmi/.m2/repository/org/apache/tomcat/embed/tomcat-embed-core/8.5.34/tomcat-embed-core-8.5.34.jar:/Users/irtazahashmi/.m2/repository/org/apache/tomcat/embed/tomcat-embed-el/8.5.34/tomcat-embed-el-8.5.34.jar:/Users/irtazahashmi/.m2/repository/org/apache/tomcat/embed/tomcat-embed-websocket/8.5.34/tomcat-embed-websocket-8.5.34.jar:/Users/irtazahashmi/.m2/repository/org/hibernate/validator/hibernate-validator/6.0.12.Final/hibernate-validator-6.0.12.Final.jar:/Users/irtazahashmi/.m2/repository/javax/validation/validation-api/2.0.1.Final/validation-api-2.0.1.Final.jar:/Users/irtazahashmi/.m2/repository/org/springframework/spring-webmvc/5.0.9.RELEASE/spring-webmvc-5.0.9.RELEASE.jar:/Users/irtazahashmi/.m2/repository/org/springframework/boot/spring-boot-starter-test/2.0.5.RELEASE/spring-boot-starter-test-2.0.5.RELEASE.jar:/Users/irtazahashmi/.m2/repository/org/springframework/boot/spring-boot-test/2.0.5.RELEASE/spring-boot-test-2.0.5.RELEASE.jar:/Users/irtazahashmi/.m2/repository/org/springframework/boot/spring-boot-test-autoconfigure/2.0.5.RELEASE/spring-boot-test-autoconfigure-2.0.5.RELEASE.jar:/Users/irtazahashmi/.m2/repository/org/assertj/assertj-core/3.9.1/assertj-core-3.9.1.jar:/Users/irtazahashmi/.m2/repository/org/mockito/mockito-core/2.15.0/mockito-core-2.15.0.jar:/Users/irtazahashmi/.m2/repository/net/bytebuddy/byte-buddy-agent/1.7.11/byte-buddy-agent-1.7.11.jar:/Users/irtazahashmi/.m2/repository/org/objenesis/objenesis/2.6/objenesis-2.6.jar:/Users/irtazahashmi/.m2/repository/org/hamcrest/hamcrest-core/1.3/hamcrest-core-1.3.jar:/Users/irtazahashmi/.m2/repository/org/hamcrest/hamcrest-library/1.3/hamcrest-library-1.3.jar:/Users/irtazahashmi/.m2/repository/org/skyscreamer/jsonassert/1.5.0/jsonassert-1.5.0.jar:/Users/irtazahashmi/.m2/repository/com/vaadin/external/google/android-json/0.0.20131108.vaadin1/android-json-0.0.20131108.vaadin1.jar:/Users/irtazahashmi/.m2/repository/org/springframework/spring-test/5.0.9.RELEASE/spring-test-5.0.9.RELEASE.jar:/Users/irtazahashmi/.m2/repository/org/xmlunit/xmlunit-core/2.5.1/xmlunit-core-2.5.1.jar:/Users/irtazahashmi/.m2/repository/com/jayway/jsonpath/json-path/2.4.0/json-path-2.4.0.jar:/Users/irtazahashmi/.m2/repository/net/minidev/json-smart/2.3/json-smart-2.3.jar:/Users/irtazahashmi/.m2/repository/net/minidev/accessors-smart/1.2/accessors-smart-1.2.jar:/Users/irtazahashmi/.m2/repository/org/slf4j/slf4j-api/1.7.25/slf4j-api-1.7.25.jar:/Users/irtazahashmi/.m2/repository/net/bytebuddy/byte-buddy-dep/1.9.12/byte-buddy-dep-1.9.12.jar:/Users/irtazahashmi/.m2/repository/org/ow2/asm/asm-commons/7.1/asm-commons-7.1.jar:/Users/irtazahashmi/.m2/repository/org/openjfx/javafx-fxml/12-ea+13/javafx-fxml-12-ea+13.jar:/Users/irtazahashmi/.m2/repository/org/openjfx/javafx-fxml/12-ea+13/javafx-fxml-12-ea+13-mac.jar:/Users/irtazahashmi/.m2/repository/org/openjfx/javafx-controls/12-ea+13/javafx-controls-12-ea+13.jar:/Users/irtazahashmi/.m2/repository/org/openjfx/javafx-controls/12-ea+13/javafx-controls-12-ea+13-mac.jar:/Users/irtazahashmi/.m2/repository/org/openjfx/javafx-graphics/12-ea+13/javafx-graphics-12-ea+13.jar:/Users/irtazahashmi/.m2/repository/org/openjfx/javafx-graphics/12-ea+13/javafx-graphics-12-ea+13-mac.jar:/Users/irtazahashmi/.m2/repository/org/openjfx/javafx-base/12-ea+13/javafx-base-12-ea+13.jar:/Users/irtazahashmi/.m2/repository/org/openjfx/javafx-base/12-ea+13/javafx-base-12-ea+13-mac.jar:/Users/irtazahashmi/.m2/repository/org/springframework/security/spring-security-core/5.1.4.RELEASE/spring-security-core-5.1.4.RELEASE.jar:/Users/irtazahashmi/.m2/repository/org/springframework/spring-aop/5.0.9.RELEASE/spring-aop-5.0.9.RELEASE.jar:/Users/irtazahashmi/.m2/repository/org/springframework/spring-context/5.0.9.RELEASE/spring-context-5.0.9.RELEASE.jar:/Users/irtazahashmi/.m2/repository/org/springframework/spring-expression/5.0.9.RELEASE/spring-expression-5.0.9.RELEASE.jar:/Users/irtazahashmi/.m2/repository/org/springframework/spring-core/5.1.5.RELEASE/spring-core-5.1.5.RELEASE.jar:/Users/irtazahashmi/.m2/repository/org/springframework/spring-jcl/5.0.9.RELEASE/spring-jcl-5.0.9.RELEASE.jar:/Users/irtazahashmi/.m2/repository/org/springframework/security/spring-security-oauth2-jose/5.0.8.RELEASE/spring-security-oauth2-jose-5.0.8.RELEASE.jar:/Users/irtazahashmi/.m2/repository/com/nimbusds/nimbus-jose-jwt/5.14/nimbus-jose-jwt-5.14.jar:/Users/irtazahashmi/.m2/repository/com/github/stephenc/jcip/jcip-annotations/1.0-1/jcip-annotations-1.0-1.jar:/Users/irtazahashmi/.m2/repository/org/springframework/security/spring-security-oauth2-core/5.0.8.RELEASE/spring-security-oauth2-core-5.0.8.RELEASE.jar:/Users/irtazahashmi/.m2/repository/org/projectlombok/lombok/1.16.22/lombok-1.16.22.jar:/Users/irtazahashmi/.m2/repository/org/springframework/boot/spring-boot-starter-security/2.0.5.RELEASE/spring-boot-starter-security-2.0.5.RELEASE.jar:/Users/irtazahashmi/.m2/repository/org/springframework/security/spring-security-config/5.0.8.RELEASE/spring-security-config-5.0.8.RELEASE.jar:/Users/irtazahashmi/.m2/repository/org/springframework/boot/spring-boot-starter-actuator/2.0.5.RELEASE/spring-boot-starter-actuator-2.0.5.RELEASE.jar:/Users/irtazahashmi/.m2/repository/org/springframework/boot/spring-boot-actuator-autoconfigure/2.0.5.RELEASE/spring-boot-actuator-autoconfigure-2.0.5.RELEASE.jar:/Users/irtazahashmi/.m2/repository/org/springframework/boot/spring-boot-actuator/2.0.5.RELEASE/spring-boot-actuator-2.0.5.RELEASE.jar:/Users/irtazahashmi/.m2/repository/io/micrometer/micrometer-core/1.0.6/micrometer-core-1.0.6.jar:/Users/irtazahashmi/.m2/repository/org/hdrhistogram/HdrHistogram/2.1.10/HdrHistogram-2.1.10.jar:/Users/irtazahashmi/.m2/repository/org/latencyutils/LatencyUtils/2.0.3/LatencyUtils-2.0.3.jar:/Users/irtazahashmi/.m2/repository/io/jsonwebtoken/jjwt/0.9.1/jjwt-0.9.1.jar:/Users/irtazahashmi/.m2/repository/org/jacoco/jacoco-maven-plugin/0.8.3/jacoco-maven-plugin-0.8.3.jar:/Users/irtazahashmi/.m2/repository/org/apache/maven/maven-plugin-api/3.0/maven-plugin-api-3.0.jar:/Users/irtazahashmi/.m2/repository/org/apache/maven/maven-model/3.0/maven-model-3.0.jar:/Users/irtazahashmi/.m2/repository/org/apache/maven/maven-artifact/3.0/maven-artifact-3.0.jar:/Users/irtazahashmi/.m2/repository/org/sonatype/sisu/sisu-inject-plexus/1.4.2/sisu-inject-plexus-1.4.2.jar:/Users/irtazahashmi/.m2/repository/org/sonatype/sisu/sisu-inject-bean/1.4.2/sisu-inject-bean-1.4.2.jar:/Users/irtazahashmi/.m2/repository/org/sonatype/sisu/sisu-guice/2.1.7/sisu-guice-2.1.7-noaop.jar:/Users/irtazahashmi/.m2/repository/org/apache/maven/maven-core/3.0/maven-core-3.0.jar:/Users/irtazahashmi/.m2/repository/org/apache/maven/maven-settings/3.0/maven-settings-3.0.jar:/Users/irtazahashmi/.m2/repository/org/apache/maven/maven-settings-builder/3.0/maven-settings-builder-3.0.jar:/Users/irtazahashmi/.m2/repository/org/apache/maven/maven-repository-metadata/3.0/maven-repository-metadata-3.0.jar:/Users/irtazahashmi/.m2/repository/org/apache/maven/maven-model-builder/3.0/maven-model-builder-3.0.jar:/Users/irtazahashmi/.m2/repository/org/apache/maven/maven-aether-provider/3.0/maven-aether-provider-3.0.jar:/Users/irtazahashmi/.m2/repository/org/sonatype/aether/aether-impl/1.7/aether-impl-1.7.jar:/Users/irtazahashmi/.m2/repository/org/sonatype/aether/aether-spi/1.7/aether-spi-1.7.jar:/Users/irtazahashmi/.m2/repository/org/sonatype/aether/aether-api/1.7/aether-api-1.7.jar:/Users/irtazahashmi/.m2/repository/org/sonatype/aether/aether-util/1.7/aether-util-1.7.jar:/Users/irtazahashmi/.m2/repository/org/codehaus/plexus/plexus-interpolation/1.14/plexus-interpolation-1.14.jar:/Users/irtazahashmi/.m2/repository/org/codehaus/plexus/plexus-classworlds/2.2.3/plexus-classworlds-2.2.3.jar:/Users/irtazahashmi/.m2/repository/org/codehaus/plexus/plexus-component-annotations/1.5.5/plexus-component-annotations-1.5.5.jar:/Users/irtazahashmi/.m2/repository/org/sonatype/plexus/plexus-sec-dispatcher/1.3/plexus-sec-dispatcher-1.3.jar:/Users/irtazahashmi/.m2/repository/org/sonatype/plexus/plexus-cipher/1.4/plexus-cipher-1.4.jar:/Users/irtazahashmi/.m2/repository/org/codehaus/plexus/plexus-utils/3.0.22/plexus-utils-3.0.22.jar:/Users/irtazahashmi/.m2/repository/org/apache/maven/shared/file-management/1.2.1/file-management-1.2.1.jar:/Users/irtazahashmi/.m2/repository/org/apache/maven/shared/maven-shared-io/1.1/maven-shared-io-1.1.jar:/Users/irtazahashmi/.m2/repository/org/apache/maven/maven-artifact-manager/2.0.2/maven-artifact-manager-2.0.2.jar:/Users/irtazahashmi/.m2/repository/org/apache/maven/wagon/wagon-provider-api/1.0-alpha-6/wagon-provider-api-1.0-alpha-6.jar:/Users/irtazahashmi/.m2/repository/org/codehaus/plexus/plexus-container-default/1.0-alpha-9/plexus-container-default-1.0-alpha-9.jar:/Users/irtazahashmi/.m2/repository/classworlds/classworlds/1.1-alpha-2/classworlds-1.1-alpha-2.jar:/Users/irtazahashmi/.m2/repository/org/apache/maven/reporting/maven-reporting-api/3.0/maven-reporting-api-3.0.jar:/Users/irtazahashmi/.m2/repository/org/apache/maven/doxia/doxia-sink-api/1.0/doxia-sink-api-1.0.jar:/Users/irtazahashmi/.m2/repository/org/apache/maven/reporting/maven-reporting-impl/2.1/maven-reporting-impl-2.1.jar:/Users/irtazahashmi/.m2/repository/org/apache/maven/maven-project/2.0.10/maven-project-2.0.10.jar:/Users/irtazahashmi/.m2/repository/org/apache/maven/maven-profile/2.0.10/maven-profile-2.0.10.jar:/Users/irtazahashmi/.m2/repository/org/apache/maven/maven-plugin-registry/2.0.10/maven-plugin-registry-2.0.10.jar:/Users/irtazahashmi/.m2/repository/org/apache/maven/doxia/doxia-core/1.1.2/doxia-core-1.1.2.jar:/Users/irtazahashmi/.m2/repository/org/apache/maven/doxia/doxia-logging-api/1.1.2/doxia-logging-api-1.1.2.jar:/Users/irtazahashmi/.m2/repository/xerces/xercesImpl/2.8.1/xercesImpl-2.8.1.jar:/Users/irtazahashmi/.m2/repository/commons-lang/commons-lang/2.4/commons-lang-2.4.jar:/Users/irtazahashmi/.m2/repository/commons-httpclient/commons-httpclient/3.1/commons-httpclient-3.1.jar:/Users/irtazahashmi/.m2/repository/commons-codec/commons-codec/1.11/commons-codec-1.11.jar:/Users/irtazahashmi/.m2/repository/org/apache/maven/doxia/doxia-site-renderer/1.1.2/doxia-site-renderer-1.1.2.jar:/Users/irtazahashmi/.m2/repository/org/apache/maven/doxia/doxia-decoration-model/1.1.2/doxia-decoration-model-1.1.2.jar:/Users/irtazahashmi/.m2/repository/org/apache/maven/doxia/doxia-module-xhtml/1.1.2/doxia-module-xhtml-1.1.2.jar:/Users/irtazahashmi/.m2/repository/org/apache/maven/doxia/doxia-module-fml/1.1.2/doxia-module-fml-1.1.2.jar:/Users/irtazahashmi/.m2/repository/org/codehaus/plexus/plexus-i18n/1.0-beta-7/plexus-i18n-1.0-beta-7.jar:/Users/irtazahashmi/.m2/repository/org/codehaus/plexus/plexus-velocity/1.1.7/plexus-velocity-1.1.7.jar:/Users/irtazahashmi/.m2/repository/org/apache/velocity/velocity/1.5/velocity-1.5.jar:/Users/irtazahashmi/.m2/repository/commons-collections/commons-collections/3.2/commons-collections-3.2.jar:/Users/irtazahashmi/.m2/repository/commons-validator/commons-validator/1.2.0/commons-validator-1.2.0.jar:/Users/irtazahashmi/.m2/repository/commons-beanutils/commons-beanutils/1.7.0/commons-beanutils-1.7.0.jar:/Users/irtazahashmi/.m2/repository/commons-digester/commons-digester/1.6/commons-digester-1.6.jar:/Users/irtazahashmi/.m2/repository/commons-logging/commons-logging/1.0.4/commons-logging-1.0.4.jar:/Users/irtazahashmi/.m2/repository/oro/oro/2.0.8/oro-2.0.8.jar:/Users/irtazahashmi/.m2/repository/xml-apis/xml-apis/1.4.01/xml-apis-1.4.01.jar:/Users/irtazahashmi/.m2/repository/org/jacoco/org.jacoco.agent/0.8.3/org.jacoco.agent-0.8.3-runtime.jar:/Users/irtazahashmi/.m2/repository/org/jacoco/org.jacoco.core/0.8.3/org.jacoco.core-0.8.3.jar:/Users/irtazahashmi/.m2/repository/org/ow2/asm/asm-tree/7.0/asm-tree-7.0.jar:/Users/irtazahashmi/.m2/repository/org/jacoco/org.jacoco.report/0.8.3/org.jacoco.report-0.8.3.jar:/Users/irtazahashmi/.m2/repository/org/ow2/asm/asm/6.2/asm-6.2.jar:/Users/irtazahashmi/.m2/repository/javax/activation/activation/1.1/activation-1.1.jar:/Users/irtazahashmi/.m2/repository/org/glassfish/jaxb/jaxb-runtime/2.3.0-b170127.1453/jaxb-runtime-2.3.0-b170127.1453.jar:/Users/irtazahashmi/.m2/repository/org/glassfish/jaxb/jaxb-core/2.3.0-b170127.1453/jaxb-core-2.3.0-b170127.1453.jar:/Users/irtazahashmi/.m2/repository/org/glassfish/jaxb/txw2/2.3.0-b170127.1453/txw2-2.3.0-b170127.1453.jar:/Users/irtazahashmi/.m2/repository/com/sun/istack/istack-commons-runtime/3.0.4/istack-commons-runtime-3.0.4.jar:/Users/irtazahashmi/.m2/repository/org/jvnet/staxex/stax-ex/1.7.8/stax-ex-1.7.8.jar:/Users/irtazahashmi/.m2/repository/com/sun/xml/fastinfoset/FastInfoset/1.2.13/FastInfoset-1.2.13.jar:/Users/irtazahashmi/.m2/repository/org/junit/jupiter/junit-jupiter-api/5.1.1/junit-jupiter-api-5.1.1.jar:/Users/irtazahashmi/.m2/repository/org/apiguardian/apiguardian-api/1.0.0/apiguardian-api-1.0.0.jar:/Users/irtazahashmi/.m2/repository/org/opentest4j/opentest4j/1.0.0/opentest4j-1.0.0.jar:/Users/irtazahashmi/.m2/repository/org/junit/platform/junit-platform-commons/1.1.1/junit-platform-commons-1.1.1.jar:/Users/irtazahashmi/.m2/repository/org/springframework/security/spring-security-web/5.1.4.RELEASE/spring-security-web-5.1.4.RELEASE.jar:/Users/irtazahashmi/.m2/repository/junit/junit/4.13-beta-2/junit-4.13-beta-2.jar:/Users/irtazahashmi/.m2/repository/org/hibernate/hibernate-core/5.4.1.Final/hibernate-core-5.4.1.Final.jar:/Users/irtazahashmi/.m2/repository/org/jboss/logging/jboss-logging/3.3.2.Final/jboss-logging-3.3.2.Final.jar:/Users/irtazahashmi/.m2/repository/javax/persistence/javax.persistence-api/2.2/javax.persistence-api-2.2.jar:/Users/irtazahashmi/.m2/repository/org/javassist/javassist/3.24.0-GA/javassist-3.24.0-GA.jar:/Users/irtazahashmi/.m2/repository/net/bytebuddy/byte-buddy/1.7.11/byte-buddy-1.7.11.jar:/Users/irtazahashmi/.m2/repository/antlr/antlr/2.7.7/antlr-2.7.7.jar:/Users/irtazahashmi/.m2/repository/org/jboss/spec/javax/transaction/jboss-transaction-api_1.2_spec/1.1.1.Final/jboss-transaction-api_1.2_spec-1.1.1.Final.jar:/Users/irtazahashmi/.m2/repository/org/jboss/jandex/2.0.5.Final/jandex-2.0.5.Final.jar:/Users/irtazahashmi/.m2/repository/com/fasterxml/classmate/1.3.4/classmate-1.3.4.jar:/Users/irtazahashmi/.m2/repository/javax/activation/javax.activation-api/1.2.0/javax.activation-api-1.2.0.jar:/Users/irtazahashmi/.m2/repository/org/dom4j/dom4j/2.1.1/dom4j-2.1.1.jar:/Users/irtazahashmi/.m2/repository/org/hibernate/common/hibernate-commons-annotations/5.1.0.Final/hibernate-commons-annotations-5.1.0.Final.jar:"/>
    <property name="sun.cpu.endian" value="little"/>
    <property name="user.home" value="/Users/irtazahashmi"/>
    <property name="user.language" value="en"/>
    <property name="java.specification.vendor" value="Oracle Corporation"/>
    <property name="java.version.date" value="2018-07-17"/>
    <property name="java.home" value="/Library/Java/JavaVirtualMachines/jdk-10.0.2.jdk/Contents/Home"/>
    <property name="file.separator" value="/"/>
    <property name="basedir" value="/Users/irtazahashmi/template"/>
    <property name="java.vm.compressedOopsMode" value="Zero based"/>
    <property name="line.separator" value="&#10;"/>
    <property name="java.specification.name" value="Java Platform API Specification"/>
    <property name="java.vm.specification.vendor" value="Oracle Corporation"/>
    <property name="java.awt.graphicsenv" value="sun.awt.CGraphicsEnvironment"/>
    <property name="surefire.real.class.path" value="/Users/irtazahashmi/template/target/surefire/surefirebooter2257983678850064982.jar"/>
    <property name="sun.management.compiler" value="HotSpot 64-Bit Tiered Compilers"/>
    <property name="ftp.nonProxyHosts" value="local|*.local|169.254/16|*.169.254/16"/>
    <property name="java.runtime.version" value="10.0.2+13"/>
    <property name="user.name" value="irtazahashmi"/>
    <property name="path.separator" value=":"/>
    <property name="os.version" value="10.14.3"/>
    <property name="java.runtime.name" value="Java(TM) SE Runtime Environment"/>
    <property name="file.encoding" value="UTF-8"/>
    <property name="java.vm.name" value="Java HotSpot(TM) 64-Bit Server VM"/>
    <property name="java.vendor.version" value="18.3"/>
    <property name="localRepository" value="/Users/irtazahashmi/.m2/repository"/>
    <property name="java.vendor.url.bug" value="http://bugreport.java.com/bugreport/"/>
    <property name="java.io.tmpdir" value="/var/folders/mx/1cq_cxwn775bzvgvz1qc24280000gn/T/"/>
    <property name="idea.version" value="2018.3.4"/>
    <property name="java.version" value="10.0.2"/>
    <property name="user.dir" value="/Users/irtazahashmi/template"/>
    <property name="os.arch" value="x86_64"/>
    <property name="java.vm.specification.name" value="Java Virtual Machine Specification"/>
    <property name="java.awt.printerjob" value="sun.lwawt.macosx.CPrinterJob"/>
    <property name="sun.os.patch.level" value="unknown"/>
    <property name="java.library.path" value="/Users/irtazahashmi/Library/Java/Extensions:/Library/Java/Extensions:/Network/Library/Java/Extensions:/System/Library/Java/Extensions:/usr/lib/java:."/>
    <property name="java.vendor" value="Oracle Corporation"/>
    <property name="java.vm.info" value="mixed mode"/>
    <property name="java.vm.version" value="10.0.2+13"/>
    <property name="sun.io.unicode.encoding" value="UnicodeBig"/>
    <property name="java.class.version" value="54.0"/>
    <property name="socksNonProxyHosts" value="local|*.local|169.254/16|*.169.254/16"/>
  </properties>
  <testcase name="equalsMethodDifferentGasUsageTest" classname="server.model.NaturalGasEmissionTest" time="0"/>
  <testcase name="equalsNullTest" classname="server.model.NaturalGasEmissionTest" time="0"/>
  <testcase name="equalsFalseTest" classname="server.model.NaturalGasEmissionTest" time="0"/>
  <testcase name="equalsMethodSameObjectTest" classname="server.model.NaturalGasEmissionTest" time="0"/>
  <testcase name="equalsMethodDifferentClassTest" classname="server.model.NaturalGasEmissionTest" time="0"/>
  <testcase name="equalsMethodDifferentObjectTest" classname="server.model.NaturalGasEmissionTest" time="0"/>
  <testcase name="getNaturalGasUsageTest" classname="server.model.NaturalGasEmissionTest" time="0"/>
  <testcase name="toStringTest" classname="server.model.NaturalGasEmissionTest" time="0"/>
  <testcase name="setNaturalGasUsageTest" classname="server.model.NaturalGasEmissionTest" time="0"/>
  <testcase name="equalsTrueTest" classname="server.model.NaturalGasEmissionTest" time="0"/>
</testsuite>